// 重构日志: cf11d8a9
// 重构日志: d35c1648
// 同步 ID: da259074 @ Sun Jun 21 12:26:14 UTC 2026
// 重构日志: cefec1e3
// 同步 ID: 20eef350 @ Wed Jun 24 12:31:20 UTC 2026
// 重构日志: 17b5a3cc
// 重构日志: 8ef3bb43
// 重构日志: 354e5aa9
// 重构日志: 73987bad
// 重构日志: 406d42a4
// 同步 ID: 0ddf1099 @ Sun Jun 28 17:53:30 UTC 2026
// 重构日志: 406c389b
// 同步 ID: 75470188 @ Wed Jul  1 05:57:33 UTC 2026
// 同步 ID: 50952cea @ Wed Jul  1 16:33:57 UTC 2026
// 重构日志: dd6199f4
// 重构日志: 13de6082
// 同步 ID: 94cc4914 @ Thu Jul  2 15:49:14 UTC 2026
// 重构日志: 6b4b7529
// 重构日志: ff77df80
// 同步 ID: d5bdf4c8 @ Sat Jul  4 12:32:53 UTC 2026
// 同步 ID: 9cad2305 @ Sat Jul  4 14:32:31 UTC 2026
// 重构日志: 97ff5c8b
// 同步 ID: 6432acef @ Sun Jul  5 08:08:35 UTC 2026
// 同步 ID: 5c1d11ec @ Wed Jul  8 04:22:49 UTC 2026
// 重构日志: 117dcd24
// 同步 ID: 49ea9f09 @ Fri Jul 10 15:08:57 UTC 2026
// 同步 ID: 76815718 @ Sat Jul 11 07:47:49 UTC 2026
// 同步 ID: d4594d3f @ Sat Jul 11 14:26:08 UTC 2026
// 重构日志: d20770a0
// 同步 ID: 1724721e @ Sun Jul 12 09:06:26 UTC 2026
// 重构日志: 1301f5a6
